[2026-03-10 23:21:24] [INFO] Poller initialised. Running first poll immediately...
[2026-03-10 23:21:24] [INFO] [1m─── Poll Cycle #1 Starting ───[0m
[2026-03-10 23:21:26] [WARN] SemanticScholar error [precision agriculture technology crop yi]: 429 Client Error:  for url: https://api.semanticscholar.org/graph/v1/paper/search?query=precision+agriculture+technology+crop+yield&limit=5&fields=paperId%2Ctitle%2Cyear%2Cabstract%2Cauthors%2Cvenue%2CexternalIds%2CpublicationDate
[2026-03-10 23:21:30] [OK]   + NEW: [2026] CRISPR–Cas9 Applications in plant science: Advances, challenges, and f...
[2026-03-10 23:21:30] [OK]   + NEW: [2026] CRISPR–Cas9 Applications in plant science: Advances, challenges, and f...
[2026-03-10 23:21:30] [OK]   + NEW: [2026] Curriculum engineering: organisation, orientation, and management volu...
[2026-03-10 23:21:30] [OK]   + NEW: [2026] Curriculum engineering: organisation, orientation, and management volu...
[2026-03-10 23:21:30] [OK]   + NEW: [2026] Advanced Smart Agriculture System Using Edge AI, IOT, Deep Learning,an...
[2026-03-10 23:21:31] [WARN] SemanticScholar error [agroecology sustainable farming Latin Am]: 429 Client Error:  for url: https://api.semanticscholar.org/graph/v1/paper/search?query=agroecology+sustainable+farming+Latin+America&limit=5&fields=paperId%2Ctitle%2Cyear%2Cabstract%2Cauthors%2Cvenue%2CexternalIds%2CpublicationDate
[2026-03-10 23:21:34] [OK]   + NEW: [2026] India Would Warm by 3°C or Higher by the End of this Century: How to C...
[2026-03-10 23:21:34] [OK]   + NEW: [2026] Women-led sustainable innovation in small island agriculture: challeng...
[2026-03-10 23:21:34] [OK]   + NEW: [2026] Climate Resilience Actions and Coffee Households' Food (in)security in...
[2026-03-10 23:21:34] [OK]   + NEW: [2026] The Popular Economy and Its Critics: Cooperation and Contradiction in ...
[2026-03-10 23:21:34] [OK]   + NEW: [2026] From Practice to Territory: Experiences of Participatory Agroecology i...
[2026-03-10 23:21:39] [OK]   + NEW: [2025] Climate‐Smart Agriculture Adoption and Food Security in Sub‐Saharan Af...
[2026-03-10 23:21:39] [OK]   + NEW: [2023] Climate-Smart Agriculture and Food Security in Southern Africa: A Revi...
[2026-03-10 23:21:39] [OK]   + NEW: [2025] Artificial Intelligence-Driven Climate-Smart Agriculture in Africa: Pa...
[2026-03-10 23:21:39] [OK]   + NEW: [2023] “Climate-smart agriculture and food security: Cross-country evidence f...
[2026-03-10 23:21:39] [OK]   + NEW: [2023] Climate‐smart agriculture as a possible solution to mitigate climate c...
[2026-03-10 23:21:42] [OK]   + NEW: [2026] Mapping climate change adaptation scholarship in smallholder farming s...
[2026-03-10 23:21:42] [OK]   + NEW: [2026] The Path to Sustainable Agricultural Development: How Does Financial S...
[2026-03-10 23:21:42] [OK]   + NEW: [2026] The Impact of Agricultural Land Property Rights System Reform on Agric...
[2026-03-10 23:21:44] [OK]   + NEW: [2021] Impact of best management practices on sustainable crop production and...
[2026-03-10 23:21:44] [OK]   + NEW: [2025] Water management for rice production: a key component of food security...
[2026-03-10 23:21:44] [OK]   + NEW: [2016] How might adaptation to climate change by smallholder farming communit...
[2026-03-10 23:21:44] [OK]   + NEW: [2019] Analysis of energy utilization in banana (Musa spp.) cultivation in Ma...
[2026-03-10 23:21:44] [OK]   + NEW: [2025] Assessing the welfare of smallholder pigs in Vietnam using a pilot pro...
[2026-03-10 23:21:46] [OK]   + NEW: [2026] Challenges and Opportunities of Coffee Production in Ilu Abbabor: A Hi...
[2026-03-10 23:21:46] [OK]   + NEW: [2026] Determinants and Productivity Analysis of Sugarcane Production in Bauk...
[2026-03-10 23:21:46] [OK]   + NEW: [2026] Feeding protected soybean groat to sheep: Effects on growthperformance...
[2026-03-10 23:21:46] [OK]   + NEW: [2026] The socioeconomic correlates of the willingness to conserve: contextua...
[2026-03-10 23:21:48] [WARN] SemanticScholar error [organic farming biodiversity Europe soil]: 429 Client Error:  for url: https://api.semanticscholar.org/graph/v1/paper/search?query=organic+farming+biodiversity+Europe+soil+health&limit=5&fields=paperId%2Ctitle%2Cyear%2Cabstract%2Cauthors%2Cvenue%2CexternalIds%2CpublicationDate
[2026-03-10 23:21:50] [OK]   + NEW: [2026] “Bio”-Plastics – Background...
[2026-03-10 23:21:50] [OK]   + NEW: [2026] Assessment and evaluation of soil ecosystem services in forest and adj...
[2026-03-10 23:21:50] [OK]   + NEW: [2026] A watershed-scale potential pathogenic bacteria dataset from the Yangt...
[2026-03-10 23:21:50] [OK]   + NEW: [2026] Managing trade-offs between economic, environmental, and animal welfar...
[2026-03-10 23:21:50] [OK]   + NEW: [2026] Sustainability Schemes in the Cosmetic Industry: Scope, Credibility, a...
[2026-03-10 23:21:52] [WARN] SemanticScholar error [pastoral farming drought climate Austral]: 429 Client Error:  for url: https://api.semanticscholar.org/graph/v1/paper/search?query=pastoral+farming+drought+climate+Australia&limit=5&fields=paperId%2Ctitle%2Cyear%2Cabstract%2Cauthors%2Cvenue%2CexternalIds%2CpublicationDate
[2026-03-10 23:21:53] [OK]   + NEW: [2026] Nutrient Utilization, Requirements and Nutrigenomics in Sheep and Goat...
[2026-03-10 23:21:53] [OK]   + NEW: [2026] Integrating Animal Husbandry and Cultural Tourism in China: Pathways, ...
[2026-03-10 23:21:53] [OK]   + NEW: [2026] Community Aspirations for Sustainable Tourism Development: The Case of...
[2026-03-10 23:21:53] [OK]   + NEW: [2025] Climate Adaptation and Willingness to Adopt Climate-Smart Practices: M...
[2026-03-10 23:21:53] [OK]   + NEW: [2025] Factors Affecting the Decline of Agricultural Investments in Somalia: ...
[2026-03-10 23:21:57] [OK]   + NEW: [2026] Effect of natural farming on soil fertility and carbon sequestration: ...
[2026-03-10 23:21:57] [OK]   + NEW: [2024] Effect of Farming Systems on Soil Carbon Sequestration and Crop Yield ...
[2026-03-10 23:21:57] [OK]   + NEW: [2025] Optimizing soil fertility and climate resilience: Superiority of organ...
[2026-03-10 23:21:57] [OK]   + NEW: [2017] Straw incorporation increases crop yield and soil organic carbon seque...
[2026-03-10 23:21:57] [OK]   + NEW: [2025] Soil organic carbon sequestration during secondary forest succession i...
[2026-03-10 23:21:58] [OK]   + NEW: [2026] Trends and Challenges in the Implementation of Agricultural Sustainabl...
[2026-03-10 23:21:58] [OK]   + NEW: [2026] Coupled machine learning–ecosystem ensemble models substantially impro...
[2026-03-10 23:22:00] [WARN] SemanticScholar error [livestock greenhouse gas mitigation silv]: 429 Client Error:  for url: https://api.semanticscholar.org/graph/v1/paper/search?query=livestock+greenhouse+gas+mitigation+silvopastoral&limit=5&fields=paperId%2Ctitle%2Cyear%2Cabstract%2Cauthors%2Cvenue%2CexternalIds%2CpublicationDate
[2026-03-10 23:22:01] [OK]   + NEW: [2026] Ex Ante Emergy Synthesis of Cultivated Meat: Sustainability Insights a...
[2026-03-10 23:22:01] [OK]   + NEW: [2026] Agroforestry practices for sustainable production in India: A review...
[2026-03-10 23:22:01] [OK]   + NEW: [2026] Beyond Carbon Credits: Integrating Silvopastoral Systems into REDD+ Ac...
[2026-03-10 23:22:01] [OK]   + NEW: [2026] Innovations in climate-smart agriculture: Tools, technologies, and tra...
[2026-03-10 23:22:01] [OK]   + NEW: [2025] Depth- and Time-resolved Estimates of Soil Organic Carbon Change under...
[2026-03-10 23:22:02] [WARN] SemanticScholar error [drone remote sensing crop disease detect]: 429 Client Error:  for url: https://api.semanticscholar.org/graph/v1/paper/search?query=drone+remote+sensing+crop+disease+detection&limit=5&fields=paperId%2Ctitle%2Cyear%2Cabstract%2Cauthors%2Cvenue%2CexternalIds%2CpublicationDate
[2026-03-10 23:22:04] [OK]   + NEW: [2026] Early asymptomatic diagnosis of tobacco mosaic virus in fields utilizi...
[2026-03-10 23:22:04] [OK]   + NEW: [2026] The unbreakable trade-off between agricultural development and biodive...
[2026-03-10 23:22:04] [OK]   + NEW: [2026] A hybrid lightweight model for real-time wheat disease identification ...
[2026-03-10 23:22:04] [OK]   + NEW: [2026] Drone-Based Phenotyping and its Utilization in Crop Improvement: A Rev...
[2026-03-10 23:22:04] [OK]   + NEW: [2026] Drone-Assisted Precision Fertilization in Shallot Cultivation: Cost-Ef...
[2026-03-10 23:22:06] [WARN] SemanticScholar error [AI machine learning crop recommendation ]: 429 Client Error:  for url: https://api.semanticscholar.org/graph/v1/paper/search?query=AI+machine+learning+crop+recommendation+system&limit=5&fields=paperId%2Ctitle%2Cyear%2Cabstract%2Cauthors%2Cvenue%2CexternalIds%2CpublicationDate
[2026-03-10 23:22:07] [OK]   + NEW: [2026] AI-Integrated Smart Agriculture System Using Autonomous Rover for Prec...
[2026-03-10 23:22:07] [OK]   + NEW: [2026] EcoSense AI: Smart Environmental Intelligence for Air Quality and Sust...
[2026-03-10 23:22:07] [OK]   + NEW: [2026] Towards Responsible Artificial Intelligence Adoption: Emerging and Exi...
[2026-03-10 23:22:08] [WARN] SemanticScholar error [vertical farming urban agriculture food ]: 429 Client Error:  for url: https://api.semanticscholar.org/graph/v1/paper/search?query=vertical+farming+urban+agriculture+food+systems&limit=5&fields=paperId%2Ctitle%2Cyear%2Cabstract%2Cauthors%2Cvenue%2CexternalIds%2CpublicationDate
[2026-03-10 23:22:10] [OK]   + NEW: [2026] Urban Mushroom Farming for Future Foods: Safety Considerations and Nut...
[2026-03-10 23:22:10] [OK]   + NEW: [2026] Continuous lighting at low PPFD improves energy efficiency while prese...
[2026-03-10 23:22:10] [OK]   + NEW: [2026] Capability Thresholds and Manufacturing Topology: How Embodied Intelli...
[2026-03-10 23:22:11] [WARN] SemanticScholar error [NDVI satellite crop health monitoring]: 429 Client Error:  for url: https://api.semanticscholar.org/graph/v1/paper/search?query=NDVI+satellite+crop+health+monitoring&limit=5&fields=paperId%2Ctitle%2Cyear%2Cabstract%2Cauthors%2Cvenue%2CexternalIds%2CpublicationDate
[2026-03-10 23:22:13] [OK]   + NEW: [2026] Crop Monitoring with Multiple Sensors: A Comparative Analysis and Vali...
[2026-03-10 23:22:13] [OK]   + NEW: [2026] Network-enhanced machine learning framework for multi crop yield predi...
[2026-03-10 23:22:13] [OK]   + NEW: [2026] Evaluating Satellite Monitoring of Vegetation Health With Fauna Habita...
[2026-03-10 23:22:13] [OK]   + NEW: [2026] Quantifying systematic biases in satellite-based crop condition monito...
[2026-03-10 23:22:13] [OK]   + NEW: [2026] Impact of conservation tillage on maize growth dynamics in black soils...
[2026-03-10 23:22:14] [WARN] SemanticScholar error [soil microbiome agricultural sustainabil]: 429 Client Error:  for url: https://api.semanticscholar.org/graph/v1/paper/search?query=soil+microbiome+agricultural+sustainability&limit=5&fields=paperId%2Ctitle%2Cyear%2Cabstract%2Cauthors%2Cvenue%2CexternalIds%2CpublicationDate
[2026-03-10 23:22:16] [OK]   + NEW: [2026] Effects of Beaver Dams on Components of Riverscape Health and Biodiver...
[2026-03-10 23:22:16] [OK]   + NEW: [2026] Safeguarding future generations: a One Health perspective on children,...
[2026-03-10 23:22:16] [OK]   + NEW: [2026] Shotgun metagenomic profiling reveals Bacillus-dominated bacterial com...
[2026-03-10 23:22:16] [OK]   + NEW: [2026] Silkworm excrement–immobilized bacteria for synergistic remediation of...
[2026-03-10 23:22:17] [WARN] SemanticScholar error [irrigation technology water scarcity agr]: 429 Client Error:  for url: https://api.semanticscholar.org/graph/v1/paper/search?query=irrigation+technology+water+scarcity+agriculture&limit=5&fields=paperId%2Ctitle%2Cyear%2Cabstract%2Cauthors%2Cvenue%2CexternalIds%2CpublicationDate
[2026-03-10 23:22:19] [OK]   + NEW: [2026] Continental shift: operations and supply chain management research fro...
[2026-03-10 23:22:19] [OK]   + NEW: [2026] Mapping the Knowledge Landscape of Sustainable Finance in the Face of ...
[2026-03-10 23:22:19] [OK]   + NEW: [2026] Agricultural Modernization and Rural Income Diversification in the Glo...
[2026-03-10 23:22:20] [WARN] SemanticScholar error [crop disease pest management global]: 429 Client Error:  for url: https://api.semanticscholar.org/graph/v1/paper/search?query=crop+disease+pest+management+global&limit=5&fields=paperId%2Ctitle%2Cyear%2Cabstract%2Cauthors%2Cvenue%2CexternalIds%2CpublicationDate
[2026-03-10 23:22:22] [OK]   + NEW: [2026] An Improved YOLO Lightweight Wood Surface Defect Detection Model Integ...
[2026-03-10 23:22:22] [OK]   + NEW: [2026] Seeing What’s on the Plate: Composition-Aware Fine-Grained Food Recogn...
[2026-03-10 23:22:22] [OK]   + NEW: [2026] Characterization of Karacadağ rice production system: Harmony of lands...
[2026-03-10 23:22:23] [OK] Markdown report updated → G:\My Drive\ULAVAN\research_poller\findings.md
[2026-03-10 23:22:23] [OK] Cycle #1 complete | New papers this cycle: 75 | Total in DB: 75
[2026-03-10 23:22:23] [INFO] Scheduler active — polling every 2 minutes. Press Ctrl+C to stop.
[2026-03-10 23:24:23] [INFO] [1m─── Poll Cycle #2 Starting ───[0m
[2026-03-10 23:24:24] [WARN] SemanticScholar error [precision agriculture technology crop yi]: 429 Client Error:  for url: https://api.semanticscholar.org/graph/v1/paper/search?query=precision+agriculture+technology+crop+yield&limit=5&fields=paperId%2Ctitle%2Cyear%2Cabstract%2Cauthors%2Cvenue%2CexternalIds%2CpublicationDate
[2026-03-10 23:24:29] [WARN] SemanticScholar error [agroecology sustainable farming Latin Am]: 429 Client Error:  for url: https://api.semanticscholar.org/graph/v1/paper/search?query=agroecology+sustainable+farming+Latin+America&limit=5&fields=paperId%2Ctitle%2Cyear%2Cabstract%2Cauthors%2Cvenue%2CexternalIds%2CpublicationDate
[2026-03-10 23:24:32] [WARN] SemanticScholar error [climate smart agriculture Africa food se]: 429 Client Error:  for url: https://api.semanticscholar.org/graph/v1/paper/search?query=climate+smart+agriculture+Africa+food+security&limit=5&fields=paperId%2Ctitle%2Cyear%2Cabstract%2Cauthors%2Cvenue%2CexternalIds%2CpublicationDate
[2026-03-10 23:24:36] [WARN] SemanticScholar error [smallholder farming Asia water managemen]: 429 Client Error:  for url: https://api.semanticscholar.org/graph/v1/paper/search?query=smallholder+farming+Asia+water+management&limit=5&fields=paperId%2Ctitle%2Cyear%2Cabstract%2Cauthors%2Cvenue%2CexternalIds%2CpublicationDate
[2026-03-10 23:24:39] [WARN] SemanticScholar error [organic farming biodiversity Europe soil]: 429 Client Error:  for url: https://api.semanticscholar.org/graph/v1/paper/search?query=organic+farming+biodiversity+Europe+soil+health&limit=5&fields=paperId%2Ctitle%2Cyear%2Cabstract%2Cauthors%2Cvenue%2CexternalIds%2CpublicationDate
[2026-03-10 23:24:42] [WARN] SemanticScholar error [pastoral farming drought climate Austral]: 429 Client Error:  for url: https://api.semanticscholar.org/graph/v1/paper/search?query=pastoral+farming+drought+climate+Australia&limit=5&fields=paperId%2Ctitle%2Cyear%2Cabstract%2Cauthors%2Cvenue%2CexternalIds%2CpublicationDate
[2026-03-10 23:24:45] [WARN] SemanticScholar error [natural farming soil carbon sequestratio]: 429 Client Error:  for url: https://api.semanticscholar.org/graph/v1/paper/search?query=natural+farming+soil+carbon+sequestration&limit=5&fields=paperId%2Ctitle%2Cyear%2Cabstract%2Cauthors%2Cvenue%2CexternalIds%2CpublicationDate
[2026-03-10 23:24:52] [OK]   + NEW: [2023] Using silvopastoral systems for the mitigation of greenhouse gas emiss...
[2026-03-10 23:24:52] [OK]   + NEW: [2019] Reducing deforestation and improving livestock productivity: greenhous...
[2026-03-10 23:24:52] [OK]   + NEW: [2015] Silvopastoral systems in Latin America: mitigation opportunities for m...
[2026-03-10 23:24:52] [OK]   + NEW: [2025] Assessing the impact of Samanea tubulosa trees on methane emissions an...
[2026-03-10 23:24:52] [OK]   + NEW: [2026] Beyond Carbon Credits: Integrating Silvopastoral Systems into REDD+ Ac...
[2026-03-10 23:24:55] [WARN] SemanticScholar error [drone remote sensing crop disease detect]: 429 Client Error:  for url: https://api.semanticscholar.org/graph/v1/paper/search?query=drone+remote+sensing+crop+disease+detection&limit=5&fields=paperId%2Ctitle%2Cyear%2Cabstract%2Cauthors%2Cvenue%2CexternalIds%2CpublicationDate
[2026-03-10 23:25:00] [WARN] SemanticScholar error [AI machine learning crop recommendation ]: 429 Client Error:  for url: https://api.semanticscholar.org/graph/v1/paper/search?query=AI+machine+learning+crop+recommendation+system&limit=5&fields=paperId%2Ctitle%2Cyear%2Cabstract%2Cauthors%2Cvenue%2CexternalIds%2CpublicationDate
[2026-03-10 23:25:06] [WARN] SemanticScholar error [vertical farming urban agriculture food ]: 429 Client Error:  for url: https://api.semanticscholar.org/graph/v1/paper/search?query=vertical+farming+urban+agriculture+food+systems&limit=5&fields=paperId%2Ctitle%2Cyear%2Cabstract%2Cauthors%2Cvenue%2CexternalIds%2CpublicationDate
[2026-03-10 23:25:09] [WARN] SemanticScholar error [NDVI satellite crop health monitoring]: 429 Client Error:  for url: https://api.semanticscholar.org/graph/v1/paper/search?query=NDVI+satellite+crop+health+monitoring&limit=5&fields=paperId%2Ctitle%2Cyear%2Cabstract%2Cauthors%2Cvenue%2CexternalIds%2CpublicationDate
[2026-03-10 23:25:12] [WARN] SemanticScholar error [soil microbiome agricultural sustainabil]: 429 Client Error:  for url: https://api.semanticscholar.org/graph/v1/paper/search?query=soil+microbiome+agricultural+sustainability&limit=5&fields=paperId%2Ctitle%2Cyear%2Cabstract%2Cauthors%2Cvenue%2CexternalIds%2CpublicationDate
[2026-03-10 23:25:15] [WARN] SemanticScholar error [irrigation technology water scarcity agr]: 429 Client Error:  for url: https://api.semanticscholar.org/graph/v1/paper/search?query=irrigation+technology+water+scarcity+agriculture&limit=5&fields=paperId%2Ctitle%2Cyear%2Cabstract%2Cauthors%2Cvenue%2CexternalIds%2CpublicationDate
[2026-03-10 23:25:18] [WARN] SemanticScholar error [crop disease pest management global]: 429 Client Error:  for url: https://api.semanticscholar.org/graph/v1/paper/search?query=crop+disease+pest+management+global&limit=5&fields=paperId%2Ctitle%2Cyear%2Cabstract%2Cauthors%2Cvenue%2CexternalIds%2CpublicationDate
[2026-03-10 23:25:20] [OK] Markdown report updated → G:\My Drive\ULAVAN\research_poller\findings.md
[2026-03-10 23:25:20] [OK] Cycle #2 complete | New papers this cycle: 5 | Total in DB: 80
[2026-03-10 23:26:19] [WARN] Poller stopped by user. Goodbye!
[2026-03-10 23:26:26] [INFO] Poller initialised. Running first poll immediately...
[2026-03-10 23:26:26] [INFO] [1m─── Poll Cycle #1 Starting ───[0m
[2026-03-10 23:26:28] [WARN] SemanticScholar rate-limited. Waiting 10s before retry...
[2026-03-10 23:26:42] [WARN] SemanticScholar rate-limited. Waiting 20s before retry...
[2026-03-10 23:27:08] [WARN] SemanticScholar rate-limited. Waiting 30s before retry...
[2026-03-10 23:27:45] [WARN] SemanticScholar rate-limited. Waiting 10s before retry...
[2026-03-10 23:27:59] [WARN] SemanticScholar rate-limited. Waiting 20s before retry...
[2026-03-10 23:28:25] [WARN] SemanticScholar rate-limited. Waiting 30s before retry...
[2026-03-10 23:29:02] [WARN] SemanticScholar rate-limited. Waiting 10s before retry...
[2026-03-10 23:29:15] [INFO] Poller initialised. Running first poll immediately...
[2026-03-10 23:29:15] [INFO] [1m─── Poll Cycle #1 Starting ───[0m
[2026-03-10 23:29:19] [WARN] SemanticScholar rate-limited. Global cooldown 60s...
[2026-03-10 23:30:26] [WARN] SemanticScholar rate-limited. Global cooldown 120s...
[2026-03-10 23:32:36] [WARN] SemanticScholar rate-limited. Global cooldown 180s...
[2026-03-10 23:35:42] [OK]   + NEW: [2026] Event-Based PID Control for Greenhouse Environment...
[2026-03-10 23:35:42] [OK]   + NEW: [2026] Assessing spatial variability and source identification of heavy metal...
[2026-03-10 23:35:42] [OK]   + NEW: [2026] Effects of Red–Blue Light Ratios on Growth, Nutritional Quality, and N...
[2026-03-10 23:35:42] [OK]   + NEW: [2026] A Remote Sensing-Based Potato Classification Approach Integrating a No...
[2026-03-10 23:35:42] [OK]   + NEW: [2026] Funding patterns and financial viability of agricultural startups unde...
[2026-03-10 23:35:42] [OK]   + NEW: [2026] Adaptive Boundary Learning and ETENSN-aware Mobile Tomato Crop Disease...
[2026-03-10 23:35:42] [OK]   + NEW: [2026] Tapestry of Crypto Cotton’s Odyssey in the global textile industry: Bl...
[2026-03-10 23:35:42] [OK]   + NEW: [2026] A Benchmark Study of Neural Network Compression Methods for Hyperspect...
[2026-03-10 23:35:42] [OK]   + NEW: [2026] Influence of nitrogen at different soil depths on crop health indices ...
[2026-03-10 23:35:42] [OK]   + NEW: [2026] Field-Validated Drone-Based Precision Control of the Invasive Apple Sn...
[2026-03-10 23:35:42] [OK]   + NEW: [2026] Addressing Magnesium Deficiency Through Crop Biofortification: Plant–S...
[2026-03-10 23:35:42] [OK]   + NEW: [2026] Yield Formation and Stability of Maize Under Monoculture in Response t...
[2026-03-10 23:35:49] [WARN] SemanticScholar rate-limited. Global cooldown 60s...
[2026-03-10 23:36:56] [WARN] SemanticScholar rate-limited. Global cooldown 120s...
[2026-03-10 23:39:06] [WARN] SemanticScholar rate-limited. Global cooldown 180s...
[2026-03-10 23:42:11] [OK]   + NEW: [2026] Maladaptive Household Responses to Extreme Weather in Colombia...
[2026-03-10 23:42:11] [OK]   + NEW: [2026] Evaluation of Cassava Clones for Yield Performance and Tolerance to La...
[2026-03-10 23:42:11] [OK]   + NEW: [2026] Geodetic Surveying Skills, Mapping Techniques and Agricultural Land Te...
[2026-03-10 23:42:11] [OK]   + NEW: [2026] Between Australia and Cuba: The Introduction of Permaculture to Addres...
[2026-03-10 23:42:11] [OK]   + NEW: [2026] Beyond conventional land reform: Alternative pathways for redress and ...
[2026-03-10 23:42:11] [OK]   + NEW: [2025] Climate-Smart Agriculture and Food Security: A Bibliometric Analysis...
[2026-03-10 23:42:11] [OK]   + NEW: [2025] POVERTY AMIDST PLENTY: CAN AFRICAN INDIGENOUS KNOWLEDGE SALVAGE THE PO...
[2026-03-10 23:42:11] [OK]   + NEW: [2025] The Economic Viability of Agroforestry Practices in Increasing Farmer ...
[2026-03-10 23:42:11] [OK]   + NEW: [2025] La Política en una organización de pequeños productores hortícolas del...
[2026-03-10 23:42:11] [OK]   + NEW: [2025] The Concentrated Legal Geography of Chilean Rural Private Property: An...
[2026-03-10 23:42:11] [OK]   + NEW: [2025] Short marketing circuits and labor relations among settled farmers in ...
[2026-03-10 23:42:11] [OK]   + NEW: [2025] Proposed key performance indicator-based monitoring framework for agri...
[2026-03-10 23:42:11] [OK]   + NEW: [2025] Transdisciplinary plant sciences: A review...
[2026-03-10 23:42:11] [OK]   + NEW: [2025] Regenerative agriculture—a definition and philosophy...
[2026-03-10 23:42:11] [OK]   + NEW: [2025] Why are we not walking? Introspective reconstructions of the north–sou...
[2026-03-10 23:42:20] [OK]   + NEW: [2022] Effect of climate-smart agriculture on household food security in smal...
[2026-03-10 23:42:20] [OK]   + NEW: [2022] An Overview of IoT Solutions in Climate Smart Agriculture for Food Sec...
[2026-03-10 23:42:20] [OK]   + NEW: [2025] Artificial Intelligence with Climate-Smart Farming Practices to Enhanc...
[2026-03-10 23:42:20] [OK]   + NEW: [2025] The Adoption and Scaling of Climate-Smart Agriculture Innovation by Sm...
[2026-03-10 23:42:20] [OK]   + NEW: [2024] Empirical and methodological foundations on the impact of climate-smar...
[2026-03-10 23:42:20] [OK]   + NEW: [2024] Implications of a Climate-Smart Approach to Food and Income Security f...
[2026-03-10 23:42:20] [OK]   + NEW: [2025] Digital technologies to accelerate the impact of climate smart agricul...
[2026-03-10 23:42:20] [OK]   + NEW: [2017] Editorial for the Thematic Series in Agriculture & Food Security: Clim...
[2026-03-10 23:42:20] [OK]   + NEW: [2025] Impacts of climate smart agriculture on livelihoods in sub-Saharan Afr...
[2026-03-10 23:42:20] [OK]   + NEW: [2025] Enabling Environment for Climate-Smart Agriculture: A Critical Review ...
[2026-03-10 23:42:20] [OK]   + NEW: [2024] A systematic review identifying the drivers and barriers to the adopti...
[2026-03-10 23:42:20] [OK]   + NEW: [2024] Climate smart agriculture? Adaptation strategies of traditional agricu...
[2026-03-10 23:42:20] [OK]   + NEW: [2024] Gendered Gaps in the Adoption of Climate-Smart Agriculture in Africa a...
[2026-03-10 23:42:20] [OK]   + NEW: [2021] Transforming Food Systems in Africa under Climate Change Pressure: Rol...
[2026-03-10 23:42:20] [OK]   + NEW: [2017] Climate-smart agriculture (CSA) for resilient agriculture, food securi...
[2026-03-10 23:42:26] [OK]   + NEW: [2026] Demographic Characteristics and Awareness of Mobile Applications for W...
[2026-03-10 23:42:26] [OK]   + NEW: [2026] Beyond the Snapshot: A Survival-Based Systems Framework for Measuring ...
[2026-03-10 23:42:26] [OK]   + NEW: [2026] Forecasting Climate Variability and Staple Food Prices in Nigeria: Evi...
[2026-03-10 23:42:26] [OK]   + NEW: [2026] Bibliometric analysis and visualization of global trends in cyber-atta...
[2026-03-10 23:42:26] [OK]   + NEW: [2026] Consistently Securing Research Funding in Today’s Competitive World: I...
[2026-03-10 23:42:26] [OK]   + NEW: [2026] Shaping sustainable future through green technology investment and dig...
[2026-03-10 23:42:26] [OK]   + NEW: [2026] Effects of climate-induced drought on livestock production and market ...
[2026-03-10 23:42:26] [OK]   + NEW: [2026] Village Resilience Building Village Index Perspective: An Empirical St...
[2026-03-10 23:42:26] [OK]   + NEW: [2026] Energy Poverty in Nigeria: A Review...
[2026-03-10 23:42:26] [OK]   + NEW: [2026] Economic, cultural and institutional dynamics in transitioning Africa’...
[2026-03-10 23:42:26] [OK]   + NEW: [2026] Climate-Smart Agriculture Practices and Their Effects on Farmers' Inco...
[2026-03-10 23:42:26] [OK]   + NEW: [2026] Household determinants of food security among leafy vegetable producer...
[2026-03-10 23:42:26] [OK]   + NEW: [2026] FROM DIVERGENCE TO CONVERGENCE: NAVIGATING THE WATER-ENERGY-FOOD NEXUS...
[2026-03-10 23:42:35] [OK]   + NEW: [2019] Opportunities for agricultural water management interventions in the N...
[2026-03-10 23:42:35] [OK]   + NEW: [1995] The Smallholder Farm as an Appropriate Water Management Unit in Wetlan...
[2026-03-10 23:42:35] [OK]   + NEW: [2012] POLICY BRIEF Opportunities for Agricultural Water Management intervent...
[2026-03-10 23:42:35] [OK]   + NEW: [2012] Opportunities for Agricultural Water Management Interventions in the M...
[2026-03-10 23:42:35] [OK]   + NEW: [2011] Opportunities for agricultural water management interventions in the M...
[2026-03-10 23:42:35] [OK]   + NEW: [2011] Opportunities for Agricultural Water Management interventions in the J...
[2026-03-10 23:42:35] [OK]   + NEW: [2025] Potential for CO2 emission reduction from large-scale rice fields in t...
[2026-03-10 23:42:35] [OK]   + NEW: [2012] Breakout Sessions P 2 . 2 Land , Water , Forests and Landscapes-Briefi...
[2026-03-10 23:42:35] [OK]   + NEW: [2012] Contested Agronomy : Agricultural Research in a Changing World...
[2026-03-10 23:42:35] [OK]   + NEW: [2024] The Adoption and Impact of Climate-Smart Water Management Technologies...
[2026-03-10 23:42:35] [OK]   + NEW: [2024] Application of Irrigation Management and Water-Lifting Technologies to...
[2026-03-10 23:42:35] [OK]   + NEW: [2025] Irrigation Water and Security in South African Smallholder Farming: As...
[2026-03-10 23:42:35] [OK]   + NEW: [2023] Opportunities and challenges for integrated smallholder farming system...
[2026-03-10 23:42:35] [OK]   + NEW: [2025] Adoption of Agricultural Water Management Practices among Smallholder ...
[2026-03-10 23:42:35] [OK]   + NEW: [2024] Leveraging Unmanned Aerial Vehicle Technologies to Facilitate Precisio...
[2026-03-10 23:42:40] [OK]   + NEW: [2026] The impact of trade facilitation on the international competitiveness ...
[2026-03-10 23:42:40] [OK]   + NEW: [2026] Human Resource Development Model to Support Sustainable Agribusiness M...
[2026-03-10 23:42:40] [OK]   + NEW: [2026] Research on Simulation and Structural Optimization of Integrated Crop–...
[2026-03-10 23:42:40] [OK]   + NEW: [2026] Forecasting crop yields under climate oscillations: Implications for a...
[2026-03-10 23:42:40] [OK]   + NEW: [2026] Producer organizations, productivity and sustainable intensification p...
[2026-03-10 23:42:40] [OK]   + NEW: [2026] Performance of 6061 Deposition Prepared at High Efficiency Based on Hy...
[2026-03-10 23:42:40] [OK]   + NEW: [2026] Socio-Economic Conditions of Fishermen in Sundarbans: Overview in Post...
[2026-03-10 23:42:40] [OK]   + NEW: [2026] Rural Tourism Development Under Weak Governance in Lebanon: Challenges...
[2026-03-10 23:42:40] [OK]   + NEW: [2026] Soil Types and Degradation Pathways in Saudi Arabia: A Geospatial Appr...
[2026-03-10 23:42:40] [OK]   + NEW: [2026] Assessment of Different Irrigation Levels on Carrots Under Semi‐Arid C...
[2026-03-10 23:42:40] [OK]   + NEW: [2026] Secondary tree crops boost butterfly diversity and abundance in oil pa...
[2026-03-10 23:42:47] [WARN] SemanticScholar rate-limited. Global cooldown 60s...
[2026-03-10 23:43:54] [WARN] SemanticScholar rate-limited. Global cooldown 120s...
